Copyright 1986-2022 Xilinx, Inc. All Rights Reserved. Copyright 2022-2023 Advanced Micro Devices, Inc. All Rights Reserved.
----------------------------------------------------------------------------------------------------------------------------------------------------------------
| Tool Version     : Vivado v.2023.2 (win64) Build 4029153 Fri Oct 13 20:14:34 MDT 2023
| Date             : Sat Jun 28 15:45:13 2025
| Host             : ASUS-Soriano running 64-bit major release  (build 9200)
| Command          : report_power -file system_wrapper_power_routed.rpt -pb system_wrapper_power_summary_routed.pb -rpx system_wrapper_power_routed.rpx
| Design           : system_wrapper
| Device           : xc7a35ticsg324-1L
| Design State     : routed
| Grade            : industrial
| Process          : typical
| Characterization : Production
----------------------------------------------------------------------------------------------------------------------------------------------------------------

Power Report

Table of Contents
-----------------
1. Summary
1.1 On-Chip Components
1.2 Power Supply Summary
1.3 Confidence Level
2. Settings
2.1 Environment
2.2 Clock Constraints
3. Detailed Reports
3.1 By Hierarchy

1. Summary
----------

+--------------------------+--------------+
| Total On-Chip Power (W)  | 0.266        |
| Design Power Budget (W)  | Unspecified* |
| Power Budget Margin (W)  | NA           |
| Dynamic (W)              | 0.203        |
| Device Static (W)        | 0.063        |
| Effective TJA (C/W)      | 4.8          |
| Max Ambient (C)          | 98.7         |
| Junction Temperature (C) | 26.3         |
| Confidence Level         | Low          |
| Setting File             | ---          |
| Simulation Activity File | ---          |
| Design Nets Matched      | NA           |
+--------------------------+--------------+
* Specify Design Power Budget using, set_operating_conditions -design_power_budget <value in Watts>


1.1 On-Chip Components
----------------------

+--------------------------+-----------+----------+-----------+-----------------+
| On-Chip                  | Power (W) | Used     | Available | Utilization (%) |
+--------------------------+-----------+----------+-----------+-----------------+
| Clocks                   |     0.036 |        9 |       --- |             --- |
| Slice Logic              |     0.011 |     8873 |       --- |             --- |
|   LUT as Logic           |     0.009 |     2444 |     20800 |           11.75 |
|   Register               |     0.001 |     4318 |     41600 |           10.38 |
|   LUT as Distributed RAM |     0.001 |      160 |      9600 |            1.67 |
|   CARRY4                 |    <0.001 |      156 |      8150 |            1.91 |
|   F7/F8 Muxes            |    <0.001 |       35 |     32600 |            0.11 |
|   LUT as Shift Register  |    <0.001 |       99 |      9600 |            1.03 |
|   Others                 |     0.000 |      945 |       --- |             --- |
| Signals                  |     0.018 |     6353 |       --- |             --- |
| Block RAM                |     0.014 |       40 |        50 |           80.00 |
| MMCM                     |     0.107 |        1 |         5 |           20.00 |
| DSPs                     |     0.002 |        3 |        90 |            3.33 |
| I/O                      |     0.016 |       12 |       210 |            5.71 |
| Static Power             |     0.063 |          |           |                 |
| Total                    |     0.266 |          |           |                 |
+--------------------------+-----------+----------+-----------+-----------------+


1.2 Power Supply Summary
------------------------

+-----------+-------------+-----------+-------------+------------+-------------+-------------+------------+
| Source    | Voltage (V) | Total (A) | Dynamic (A) | Static (A) | Powerup (A) | Budget (A)  | Margin (A) |
+-----------+-------------+-----------+-------------+------------+-------------+-------------+------------+
| Vccint    |       0.950 |     0.091 |       0.085 |      0.007 |       NA    | Unspecified | NA         |
| Vccaux    |       1.800 |     0.071 |       0.059 |      0.011 |       NA    | Unspecified | NA         |
| Vcco33    |       3.300 |     0.006 |       0.005 |      0.001 |       NA    | Unspecified | NA         |
| Vcco25    |       2.500 |     0.000 |       0.000 |      0.000 |       NA    | Unspecified | NA         |
| Vcco18    |       1.800 |     0.000 |       0.000 |      0.000 |       NA    | Unspecified | NA         |
| Vcco15    |       1.500 |     0.000 |       0.000 |      0.000 |       NA    | Unspecified | NA         |
| Vcco135   |       1.350 |     0.000 |       0.000 |      0.000 |       NA    | Unspecified | NA         |
| Vcco12    |       1.200 |     0.000 |       0.000 |      0.000 |       NA    | Unspecified | NA         |
| Vccaux_io |       1.800 |     0.000 |       0.000 |      0.000 |       NA    | Unspecified | NA         |
| Vccbram   |       0.950 |     0.002 |       0.001 |      0.001 |       NA    | Unspecified | NA         |
| MGTAVcc   |       1.000 |     0.000 |       0.000 |      0.000 |       NA    | Unspecified | NA         |
| MGTAVtt   |       1.200 |     0.000 |       0.000 |      0.000 |       NA    | Unspecified | NA         |
| Vccadc    |       1.800 |     0.018 |       0.000 |      0.018 |       NA    | Unspecified | NA         |
+-----------+-------------+-----------+-------------+------------+-------------+-------------+------------+


1.3 Confidence Level
--------------------

+-----------------------------+------------+--------------------------------------------------------+------------------------------------------------------------------------------------------------------------+
| User Input Data             | Confidence | Details                                                | Action                                                                                                     |
+-----------------------------+------------+--------------------------------------------------------+------------------------------------------------------------------------------------------------------------+
| Design implementation state | High       | Design is routed                                       |                                                                                                            |
| Clock nodes activity        | High       | User specified more than 95% of clocks                 |                                                                                                            |
| I/O nodes activity          | Low        | More than 75% of inputs are missing user specification | Provide missing input activity with simulation results or by editing the "By Resource Type -> I/Os" view   |
| Internal nodes activity     | Medium     | User specified less than 25% of internal nodes         | Provide missing internal nodes activity with simulation results or by editing the "By Resource Type" views |
| Device models               | High       | Device models are Production                           |                                                                                                            |
|                             |            |                                                        |                                                                                                            |
| Overall confidence level    | Low        |                                                        |                                                                                                            |
+-----------------------------+------------+--------------------------------------------------------+------------------------------------------------------------------------------------------------------------+


2. Settings
-----------

2.1 Environment
---------------

+-----------------------+--------------------------+
| Ambient Temp (C)      | 25.0                     |
| ThetaJA (C/W)         | 4.8                      |
| Airflow (LFM)         | 250                      |
| Heat Sink             | medium (Medium Profile)  |
| ThetaSA (C/W)         | 4.6                      |
| Board Selection       | medium (10"x10")         |
| # of Board Layers     | 12to15 (12 to 15 Layers) |
| Board Temperature (C) | 25.0                     |
+-----------------------+--------------------------+


2.2 Clock Constraints
---------------------

+----------------------------------------------------------+-------------------------------------------------------+-----------------+
| Clock                                                    | Domain                                                | Constraint (ns) |
+----------------------------------------------------------+-------------------------------------------------------+-----------------+
| clk                                                      | clk                                                   |            10.0 |
| clk                                                      | system_i/util_ds_buf_0/U0/BUFG_O[0]                   |            10.0 |
| clk_out100_system_clk_wiz_0_0                            | system_i/clk_wiz_0/inst/clk_out100_system_clk_wiz_0_0 |            10.0 |
| clk_out250_system_clk_wiz_0_0                            | system_i/clk_wiz_0/inst/clk_out250_system_clk_wiz_0_0 |             4.0 |
| clkfbout_system_clk_wiz_0_0                              | system_i/clk_wiz_0/inst/clkfbout_system_clk_wiz_0_0   |            10.0 |
| system_i/mdm_1/U0/Use_E2.BSCAN_I/Use_E2.BSCANE2_I/DRCK   | system_i/mdm_1/U0/Use_E2.BSCAN_I/DRCK                 |            33.3 |
| system_i/mdm_1/U0/Use_E2.BSCAN_I/Use_E2.BSCANE2_I/UPDATE | system_i/mdm_1/U0/Use_E2.BSCAN_I/Dbg_Update_0         |            33.3 |
+----------------------------------------------------------+-------------------------------------------------------+-----------------+


3. Detailed Reports
-------------------

3.1 By Hierarchy
----------------

+-----------------------------+-----------+
| Name                        | Power (W) |
+-----------------------------+-----------+
| system_wrapper              |     0.203 |
|   system_i                  |     0.187 |
|     AXITDC_0                |     0.026 |
|       U0                    |     0.026 |
|     AXITDC_1                |     0.025 |
|       U0                    |     0.025 |
|     clk_wiz_0               |     0.107 |
|       inst                  |     0.107 |
|     microblaze_0            |     0.016 |
|       U0                    |     0.016 |
|     microblaze_0_axi_intc   |     0.001 |
|       U0                    |     0.001 |
|     microblaze_0_axi_periph |     0.009 |
|       m02_couplers          |     0.001 |
|       m03_couplers          |     0.003 |
|       m04_couplers          |     0.001 |
|       m05_couplers          |     0.003 |
|       xbar                  |     0.001 |
+-----------------------------+-----------+


